<?xml version="1.0" encoding="UTF-8"?>
<testsuite xmlns:xsi="http://www.w3.org/2001/XMLSchema-instance" xsi:noNamespaceSchemaLocation="https://maven.apache.org/surefire/maven-surefire-plugin/xsd/surefire-test-report-3.0.xsd" version="3.0" name="com.example.springboot.SpringbootApplicationTests" time="2.208" tests="1" errors="0" skipped="0" failures="0">
  <properties>
    <property name="java.specification.version" value="20"/>
    <property name="sun.cpu.isalist" value="amd64"/>
    <property name="sun.jnu.encoding" value="GBK"/>
    <property name="java.class.path" value="D:\idea_project\Book_Project\Springboot\target\test-classes;D:\idea_project\Book_Project\Springboot\target\classes;D:\Maven\repository\org\springframework\boot\spring-boot-starter-web\3.1.5\spring-boot-starter-web-3.1.5.jar;D:\Maven\repository\org\springframework\boot\spring-boot-starter\3.1.5\spring-boot-starter-3.1.5.jar;D:\Maven\repository\org\springframework\boot\spring-boot\3.1.5\spring-boot-3.1.5.jar;D:\Maven\repository\org\springframework\boot\spring-boot-autoconfigure\3.1.5\spring-boot-autoconfigure-3.1.5.jar;D:\Maven\repository\org\springframework\boot\spring-boot-starter-logging\3.1.5\spring-boot-starter-logging-3.1.5.jar;D:\Maven\repository\ch\qos\logback\logback-classic\1.4.11\logback-classic-1.4.11.jar;D:\Maven\repository\ch\qos\logback\logback-core\1.4.11\logback-core-1.4.11.jar;D:\Maven\repository\org\apache\logging\log4j\log4j-to-slf4j\2.20.0\log4j-to-slf4j-2.20.0.jar;D:\Maven\repository\org\apache\logging\log4j\log4j-api\2.20.0\log4j-api-2.20.0.jar;D:\Maven\repository\org\slf4j\jul-to-slf4j\2.0.9\jul-to-slf4j-2.0.9.jar;D:\Maven\repository\org\yaml\snakeyaml\1.33\snakeyaml-1.33.jar;D:\Maven\repository\org\springframework\boot\spring-boot-starter-json\3.1.5\spring-boot-starter-json-3.1.5.jar;D:\Maven\repository\com\fasterxml\jackson\core\jackson-databind\2.15.3\jackson-databind-2.15.3.jar;D:\Maven\repository\com\fasterxml\jackson\core\jackson-annotations\2.15.3\jackson-annotations-2.15.3.jar;D:\Maven\repository\com\fasterxml\jackson\core\jackson-core\2.15.3\jackson-core-2.15.3.jar;D:\Maven\repository\com\fasterxml\jackson\datatype\jackson-datatype-jdk8\2.15.3\jackson-datatype-jdk8-2.15.3.jar;D:\Maven\repository\com\fasterxml\jackson\datatype\jackson-datatype-jsr310\2.15.3\jackson-datatype-jsr310-2.15.3.jar;D:\Maven\repository\com\fasterxml\jackson\module\jackson-module-parameter-names\2.15.3\jackson-module-parameter-names-2.15.3.jar;D:\Maven\repository\org\springframework\spring-web\6.0.13\spring-web-6.0.13.jar;D:\Maven\repository\org\springframework\spring-beans\6.0.13\spring-beans-6.0.13.jar;D:\Maven\repository\io\micrometer\micrometer-observation\1.11.5\micrometer-observation-1.11.5.jar;D:\Maven\repository\io\micrometer\micrometer-commons\1.11.5\micrometer-commons-1.11.5.jar;D:\Maven\repository\org\springframework\spring-webmvc\6.0.13\spring-webmvc-6.0.13.jar;D:\Maven\repository\org\springframework\spring-aop\6.0.13\spring-aop-6.0.13.jar;D:\Maven\repository\org\springframework\spring-context\6.0.13\spring-context-6.0.13.jar;D:\Maven\repository\org\springframework\spring-expression\6.0.13\spring-expression-6.0.13.jar;D:\Maven\repository\org\springframework\boot\spring-boot-starter-tomcat\3.1.5\spring-boot-starter-tomcat-3.1.5.jar;D:\Maven\repository\jakarta\annotation\jakarta.annotation-api\2.1.1\jakarta.annotation-api-2.1.1.jar;D:\Maven\repository\org\apache\tomcat\embed\tomcat-embed-core\10.1.15\tomcat-embed-core-10.1.15.jar;D:\Maven\repository\org\apache\tomcat\embed\tomcat-embed-el\10.1.15\tomcat-embed-el-10.1.15.jar;D:\Maven\repository\org\apache\tomcat\embed\tomcat-embed-websocket\10.1.15\tomcat-embed-websocket-10.1.15.jar;D:\Maven\repository\org\mybatis\spring\boot\mybatis-spring-boot-starter\3.0.2\mybatis-spring-boot-starter-3.0.2.jar;D:\Maven\repository\org\springframework\boot\spring-boot-starter-jdbc\3.1.5\spring-boot-starter-jdbc-3.1.5.jar;D:\Maven\repository\com\zaxxer\HikariCP\5.0.1\HikariCP-5.0.1.jar;D:\Maven\repository\org\springframework\spring-jdbc\6.0.13\spring-jdbc-6.0.13.jar;D:\Maven\repository\org\mybatis\spring\boot\mybatis-spring-boot-autoconfigure\3.0.2\mybatis-spring-boot-autoconfigure-3.0.2.jar;D:\Maven\repository\org\mybatis\mybatis\3.5.13\mybatis-3.5.13.jar;D:\Maven\repository\org\mybatis\mybatis-spring\3.0.2\mybatis-spring-3.0.2.jar;D:\Maven\repository\com\mysql\mysql-connector-j\8.0.33\mysql-connector-j-8.0.33.jar;D:\Maven\repository\org\projectlombok\lombok\1.18.30\lombok-1.18.30.jar;D:\Maven\repository\com\github\pagehelper\pagehelper-spring-boot-starter\1.4.6\pagehelper-spring-boot-starter-1.4.6.jar;D:\Maven\repository\com\github\pagehelper\pagehelper-spring-boot-autoconfigure\1.4.6\pagehelper-spring-boot-autoconfigure-1.4.6.jar;D:\Maven\repository\com\github\pagehelper\pagehelper\5.3.2\pagehelper-5.3.2.jar;D:\Maven\repository\com\github\jsqlparser\jsqlparser\4.5\jsqlparser-4.5.jar;D:\Maven\repository\org\springframework\boot\spring-boot-starter-test\3.1.5\spring-boot-starter-test-3.1.5.jar;D:\Maven\repository\org\springframework\boot\spring-boot-test\3.1.5\spring-boot-test-3.1.5.jar;D:\Maven\repository\org\springframework\boot\spring-boot-test-autoconfigure\3.1.5\spring-boot-test-autoconfigure-3.1.5.jar;D:\Maven\repository\com\jayway\jsonpath\json-path\2.8.0\json-path-2.8.0.jar;D:\Maven\repository\org\slf4j\slf4j-api\2.0.9\slf4j-api-2.0.9.jar;D:\Maven\repository\jakarta\xml\bind\jakarta.xml.bind-api\4.0.1\jakarta.xml.bind-api-4.0.1.jar;D:\Maven\repository\jakarta\activation\jakarta.activation-api\2.1.2\jakarta.activation-api-2.1.2.jar;D:\Maven\repository\net\minidev\json-smart\2.4.11\json-smart-2.4.11.jar;D:\Maven\repository\net\minidev\accessors-smart\2.4.11\accessors-smart-2.4.11.jar;D:\Maven\repository\org\ow2\asm\asm\9.3\asm-9.3.jar;D:\Maven\repository\org\assertj\assertj-core\3.24.2\assertj-core-3.24.2.jar;D:\Maven\repository\net\bytebuddy\byte-buddy\1.14.9\byte-buddy-1.14.9.jar;D:\Maven\repository\org\hamcrest\hamcrest\2.2\hamcrest-2.2.jar;D:\Maven\repository\org\junit\jupiter\junit-jupiter\5.9.3\junit-jupiter-5.9.3.jar;D:\Maven\repository\org\junit\jupiter\junit-jupiter-api\5.9.3\junit-jupiter-api-5.9.3.jar;D:\Maven\repository\org\opentest4j\opentest4j\1.2.0\opentest4j-1.2.0.jar;D:\Maven\repository\org\junit\platform\junit-platform-commons\1.9.3\junit-platform-commons-1.9.3.jar;D:\Maven\repository\org\apiguardian\apiguardian-api\1.1.2\apiguardian-api-1.1.2.jar;D:\Maven\repository\org\junit\jupiter\junit-jupiter-params\5.9.3\junit-jupiter-params-5.9.3.jar;D:\Maven\repository\org\junit\jupiter\junit-jupiter-engine\5.9.3\junit-jupiter-engine-5.9.3.jar;D:\Maven\repository\org\junit\platform\junit-platform-engine\1.9.3\junit-platform-engine-1.9.3.jar;D:\Maven\repository\org\mockito\mockito-core\5.3.1\mockito-core-5.3.1.jar;D:\Maven\repository\net\bytebuddy\byte-buddy-agent\1.14.9\byte-buddy-agent-1.14.9.jar;D:\Maven\repository\org\objenesis\objenesis\3.3\objenesis-3.3.jar;D:\Maven\repository\org\mockito\mockito-junit-jupiter\5.3.1\mockito-junit-jupiter-5.3.1.jar;D:\Maven\repository\org\skyscreamer\jsonassert\1.5.1\jsonassert-1.5.1.jar;D:\Maven\repository\com\vaadin\external\google\android-json\0.0.20131108.vaadin1\android-json-0.0.20131108.vaadin1.jar;D:\Maven\repository\org\springframework\spring-core\6.0.13\spring-core-6.0.13.jar;D:\Maven\repository\org\springframework\spring-jcl\6.0.13\spring-jcl-6.0.13.jar;D:\Maven\repository\org\springframework\spring-test\6.0.13\spring-test-6.0.13.jar;D:\Maven\repository\org\xmlunit\xmlunit-core\2.9.1\xmlunit-core-2.9.1.jar;D:\Maven\repository\org\mybatis\spring\boot\mybatis-spring-boot-starter-test\3.0.2\mybatis-spring-boot-starter-test-3.0.2.jar;D:\Maven\repository\org\mybatis\spring\boot\mybatis-spring-boot-test-autoconfigure\3.0.2\mybatis-spring-boot-test-autoconfigure-3.0.2.jar;D:\Maven\repository\org\springframework\spring-tx\6.0.13\spring-tx-6.0.13.jar;"/>
    <property name="java.vm.vendor" value="Oracle Corporation"/>
    <property name="sun.arch.data.model" value="64"/>
    <property name="user.variant" value=""/>
    <property name="java.vendor.url" value="https://java.oracle.com/"/>
    <property name="user.timezone" value="Asia/Shanghai"/>
    <property name="os.name" value="Windows 11"/>
    <property name="java.vm.specification.version" value="20"/>
    <property name="sun.java.launcher" value="SUN_STANDARD"/>
    <property name="user.country" value="CN"/>
    <property name="sun.boot.library.path" value="D:\Java\jdk-20.0.2\bin"/>
    <property name="sun.java.command" value="C:\Users\86133\AppData\Local\Temp\surefire1344013152717521374\surefirebooter-20231104190548048_3.jar C:\Users\86133\AppData\Local\Temp\surefire1344013152717521374 2023-11-04T19-05-47_914-jvmRun1 surefire-20231104190548048_1tmp surefire_0-20231104190548048_2tmp"/>
    <property name="jdk.debug" value="release"/>
    <property name="surefire.test.class.path" value="D:\idea_project\Book_Project\Springboot\target\test-classes;D:\idea_project\Book_Project\Springboot\target\classes;D:\Maven\repository\org\springframework\boot\spring-boot-starter-web\3.1.5\spring-boot-starter-web-3.1.5.jar;D:\Maven\repository\org\springframework\boot\spring-boot-starter\3.1.5\spring-boot-starter-3.1.5.jar;D:\Maven\repository\org\springframework\boot\spring-boot\3.1.5\spring-boot-3.1.5.jar;D:\Maven\repository\org\springframework\boot\spring-boot-autoconfigure\3.1.5\spring-boot-autoconfigure-3.1.5.jar;D:\Maven\repository\org\springframework\boot\spring-boot-starter-logging\3.1.5\spring-boot-starter-logging-3.1.5.jar;D:\Maven\repository\ch\qos\logback\logback-classic\1.4.11\logback-classic-1.4.11.jar;D:\Maven\repository\ch\qos\logback\logback-core\1.4.11\logback-core-1.4.11.jar;D:\Maven\repository\org\apache\logging\log4j\log4j-to-slf4j\2.20.0\log4j-to-slf4j-2.20.0.jar;D:\Maven\repository\org\apache\logging\log4j\log4j-api\2.20.0\log4j-api-2.20.0.jar;D:\Maven\repository\org\slf4j\jul-to-slf4j\2.0.9\jul-to-slf4j-2.0.9.jar;D:\Maven\repository\org\yaml\snakeyaml\1.33\snakeyaml-1.33.jar;D:\Maven\repository\org\springframework\boot\spring-boot-starter-json\3.1.5\spring-boot-starter-json-3.1.5.jar;D:\Maven\repository\com\fasterxml\jackson\core\jackson-databind\2.15.3\jackson-databind-2.15.3.jar;D:\Maven\repository\com\fasterxml\jackson\core\jackson-annotations\2.15.3\jackson-annotations-2.15.3.jar;D:\Maven\repository\com\fasterxml\jackson\core\jackson-core\2.15.3\jackson-core-2.15.3.jar;D:\Maven\repository\com\fasterxml\jackson\datatype\jackson-datatype-jdk8\2.15.3\jackson-datatype-jdk8-2.15.3.jar;D:\Maven\repository\com\fasterxml\jackson\datatype\jackson-datatype-jsr310\2.15.3\jackson-datatype-jsr310-2.15.3.jar;D:\Maven\repository\com\fasterxml\jackson\module\jackson-module-parameter-names\2.15.3\jackson-module-parameter-names-2.15.3.jar;D:\Maven\repository\org\springframework\spring-web\6.0.13\spring-web-6.0.13.jar;D:\Maven\repository\org\springframework\spring-beans\6.0.13\spring-beans-6.0.13.jar;D:\Maven\repository\io\micrometer\micrometer-observation\1.11.5\micrometer-observation-1.11.5.jar;D:\Maven\repository\io\micrometer\micrometer-commons\1.11.5\micrometer-commons-1.11.5.jar;D:\Maven\repository\org\springframework\spring-webmvc\6.0.13\spring-webmvc-6.0.13.jar;D:\Maven\repository\org\springframework\spring-aop\6.0.13\spring-aop-6.0.13.jar;D:\Maven\repository\org\springframework\spring-context\6.0.13\spring-context-6.0.13.jar;D:\Maven\repository\org\springframework\spring-expression\6.0.13\spring-expression-6.0.13.jar;D:\Maven\repository\org\springframework\boot\spring-boot-starter-tomcat\3.1.5\spring-boot-starter-tomcat-3.1.5.jar;D:\Maven\repository\jakarta\annotation\jakarta.annotation-api\2.1.1\jakarta.annotation-api-2.1.1.jar;D:\Maven\repository\org\apache\tomcat\embed\tomcat-embed-core\10.1.15\tomcat-embed-core-10.1.15.jar;D:\Maven\repository\org\apache\tomcat\embed\tomcat-embed-el\10.1.15\tomcat-embed-el-10.1.15.jar;D:\Maven\repository\org\apache\tomcat\embed\tomcat-embed-websocket\10.1.15\tomcat-embed-websocket-10.1.15.jar;D:\Maven\repository\org\mybatis\spring\boot\mybatis-spring-boot-starter\3.0.2\mybatis-spring-boot-starter-3.0.2.jar;D:\Maven\repository\org\springframework\boot\spring-boot-starter-jdbc\3.1.5\spring-boot-starter-jdbc-3.1.5.jar;D:\Maven\repository\com\zaxxer\HikariCP\5.0.1\HikariCP-5.0.1.jar;D:\Maven\repository\org\springframework\spring-jdbc\6.0.13\spring-jdbc-6.0.13.jar;D:\Maven\repository\org\mybatis\spring\boot\mybatis-spring-boot-autoconfigure\3.0.2\mybatis-spring-boot-autoconfigure-3.0.2.jar;D:\Maven\repository\org\mybatis\mybatis\3.5.13\mybatis-3.5.13.jar;D:\Maven\repository\org\mybatis\mybatis-spring\3.0.2\mybatis-spring-3.0.2.jar;D:\Maven\repository\com\mysql\mysql-connector-j\8.0.33\mysql-connector-j-8.0.33.jar;D:\Maven\repository\org\projectlombok\lombok\1.18.30\lombok-1.18.30.jar;D:\Maven\repository\com\github\pagehelper\pagehelper-spring-boot-starter\1.4.6\pagehelper-spring-boot-starter-1.4.6.jar;D:\Maven\repository\com\github\pagehelper\pagehelper-spring-boot-autoconfigure\1.4.6\pagehelper-spring-boot-autoconfigure-1.4.6.jar;D:\Maven\repository\com\github\pagehelper\pagehelper\5.3.2\pagehelper-5.3.2.jar;D:\Maven\repository\com\github\jsqlparser\jsqlparser\4.5\jsqlparser-4.5.jar;D:\Maven\repository\org\springframework\boot\spring-boot-starter-test\3.1.5\spring-boot-starter-test-3.1.5.jar;D:\Maven\repository\org\springframework\boot\spring-boot-test\3.1.5\spring-boot-test-3.1.5.jar;D:\Maven\repository\org\springframework\boot\spring-boot-test-autoconfigure\3.1.5\spring-boot-test-autoconfigure-3.1.5.jar;D:\Maven\repository\com\jayway\jsonpath\json-path\2.8.0\json-path-2.8.0.jar;D:\Maven\repository\org\slf4j\slf4j-api\2.0.9\slf4j-api-2.0.9.jar;D:\Maven\repository\jakarta\xml\bind\jakarta.xml.bind-api\4.0.1\jakarta.xml.bind-api-4.0.1.jar;D:\Maven\repository\jakarta\activation\jakarta.activation-api\2.1.2\jakarta.activation-api-2.1.2.jar;D:\Maven\repository\net\minidev\json-smart\2.4.11\json-smart-2.4.11.jar;D:\Maven\repository\net\minidev\accessors-smart\2.4.11\accessors-smart-2.4.11.jar;D:\Maven\repository\org\ow2\asm\asm\9.3\asm-9.3.jar;D:\Maven\repository\org\assertj\assertj-core\3.24.2\assertj-core-3.24.2.jar;D:\Maven\repository\net\bytebuddy\byte-buddy\1.14.9\byte-buddy-1.14.9.jar;D:\Maven\repository\org\hamcrest\hamcrest\2.2\hamcrest-2.2.jar;D:\Maven\repository\org\junit\jupiter\junit-jupiter\5.9.3\junit-jupiter-5.9.3.jar;D:\Maven\repository\org\junit\jupiter\junit-jupiter-api\5.9.3\junit-jupiter-api-5.9.3.jar;D:\Maven\repository\org\opentest4j\opentest4j\1.2.0\opentest4j-1.2.0.jar;D:\Maven\repository\org\junit\platform\junit-platform-commons\1.9.3\junit-platform-commons-1.9.3.jar;D:\Maven\repository\org\apiguardian\apiguardian-api\1.1.2\apiguardian-api-1.1.2.jar;D:\Maven\repository\org\junit\jupiter\junit-jupiter-params\5.9.3\junit-jupiter-params-5.9.3.jar;D:\Maven\repository\org\junit\jupiter\junit-jupiter-engine\5.9.3\junit-jupiter-engine-5.9.3.jar;D:\Maven\repository\org\junit\platform\junit-platform-engine\1.9.3\junit-platform-engine-1.9.3.jar;D:\Maven\repository\org\mockito\mockito-core\5.3.1\mockito-core-5.3.1.jar;D:\Maven\repository\net\bytebuddy\byte-buddy-agent\1.14.9\byte-buddy-agent-1.14.9.jar;D:\Maven\repository\org\objenesis\objenesis\3.3\objenesis-3.3.jar;D:\Maven\repository\org\mockito\mockito-junit-jupiter\5.3.1\mockito-junit-jupiter-5.3.1.jar;D:\Maven\repository\org\skyscreamer\jsonassert\1.5.1\jsonassert-1.5.1.jar;D:\Maven\repository\com\vaadin\external\google\android-json\0.0.20131108.vaadin1\android-json-0.0.20131108.vaadin1.jar;D:\Maven\repository\org\springframework\spring-core\6.0.13\spring-core-6.0.13.jar;D:\Maven\repository\org\springframework\spring-jcl\6.0.13\spring-jcl-6.0.13.jar;D:\Maven\repository\org\springframework\spring-test\6.0.13\spring-test-6.0.13.jar;D:\Maven\repository\org\xmlunit\xmlunit-core\2.9.1\xmlunit-core-2.9.1.jar;D:\Maven\repository\org\mybatis\spring\boot\mybatis-spring-boot-starter-test\3.0.2\mybatis-spring-boot-starter-test-3.0.2.jar;D:\Maven\repository\org\mybatis\spring\boot\mybatis-spring-boot-test-autoconfigure\3.0.2\mybatis-spring-boot-test-autoconfigure-3.0.2.jar;D:\Maven\repository\org\springframework\spring-tx\6.0.13\spring-tx-6.0.13.jar;"/>
    <property name="sun.cpu.endian" value="little"/>
    <property name="user.home" value="C:\Users\86133"/>
    <property name="user.language" value="zh"/>
    <property name="java.specification.vendor" value="Oracle Corporation"/>
    <property name="java.version.date" value="2023-07-18"/>
    <property name="java.home" value="D:\Java\jdk-20.0.2"/>
    <property name="file.separator" value="\"/>
    <property name="basedir" value="D:\idea_project\Book_Project\Springboot"/>
    <property name="java.vm.compressedOopsMode" value="Zero based"/>
    <property name="line.separator" value="&#10;"/>
    <property name="java.vm.specification.vendor" value="Oracle Corporation"/>
    <property name="java.specification.name" value="Java Platform API Specification"/>
    <property name="FILE_LOG_CHARSET" value="UTF-8"/>
    <property name="java.awt.headless" value="true"/>
    <property name="surefire.real.class.path" value="C:\Users\86133\AppData\Local\Temp\surefire1344013152717521374\surefirebooter-20231104190548048_3.jar"/>
    <property name="user.script" value=""/>
    <property name="sun.management.compiler" value="HotSpot 64-Bit Tiered Compilers"/>
    <property name="java.runtime.version" value="20.0.2+9-78"/>
    <property name="user.name" value="86133"/>
    <property name="stdout.encoding" value="GBK"/>
    <property name="path.separator" value=";"/>
    <property name="os.version" value="10.0"/>
    <property name="java.runtime.name" value="Java(TM) SE Runtime Environment"/>
    <property name="file.encoding" value="UTF-8"/>
    <property name="java.vm.name" value="Java HotSpot(TM) 64-Bit Server VM"/>
    <property name="localRepository" value="D:\Maven\repository"/>
    <property name="java.vendor.url.bug" value="https://bugreport.java.com/bugreport/"/>
    <property name="java.io.tmpdir" value="C:\Users\86133\AppData\Local\Temp\"/>
    <property name="idea.version" value="2023.2.1"/>
    <property name="java.version" value="20.0.2"/>
    <property name="user.dir" value="D:\idea_project\Book_Project\Springboot"/>
    <property name="os.arch" value="amd64"/>
    <property name="java.vm.specification.name" value="Java Virtual Machine Specification"/>
    <property name="PID" value="2940"/>
    <property name="sun.os.patch.level" value=""/>
    <property name="CONSOLE_LOG_CHARSET" value="UTF-8"/>
    <property name="native.encoding" value="GBK"/>
    <property name="java.library.path" value="D:\Java\jdk-20.0.2\bin;C:\WINDOWS\Sun\Java\bin;C:\WINDOWS\system32;C:\WINDOWS;C:\Program Files\NVIDIA GPU Computing Toolkit\CUDA\v12.2\bin;C:\Program Files\NVIDIA GPU Computing Toolkit\CUDA\v12.2\libnvvp;C:\Program Files (x86)\Common Files\Oracle\Java\javapath;C:\Program Files\PlasticSCM5\server;C:\Program Files\PlasticSCM5\client;D:\hugo\main_hugo;D:\Microsoft Visual Studio\shared\Python39_64\Scripts;D:\java\jdk-20.0.2\bin;D:\Maven\apache-maven-3.9.4\bin;D:\Microsoft Visual Studio\shared\Python39_64;C:\Windows\system32;C:\Windows;C:\Windows\System32\Wbem;C:\Windows\System32\WindowsPowerShell\v1.0\;C:\Windows\System32\OpenSSH\;C:\Program Files (x86)\NVIDIA Corporation\PhysX\Common;C:\Program Files\NVIDIA Corporation\NVIDIA NvDLISR;D:\git\Git\cmd;D:\Node\;C:\WINDOWS\system32;C:\WINDOWS;C:\WINDOWS\System32\Wbem;C:\WINDOWS\System32\WindowsPowerShell\v1.0\;C:\WINDOWS\System32\OpenSSH\;C:\Program Files\Microsoft SQL Server\150\Tools\Binn\;C:\Program Files\Microsoft SQL Server\Client SDK\ODBC\170\Tools\Binn\;C:\Program Files\dotnet\;C:\Program Files\NVIDIA Corporation\Nsight Compute 2023.2.2\;C:\Program Files\MySQL\MySQL Server 8.0\bin\;C:\Program Files\MySQL\MySQL Shell 8.0\bin\;C:\Users\86133\AppData\Local\Microsoft\WindowsApps;C:\Users\86133\AppData\Roaming\npm;D:\VScode\Microsoft VS Code\bin;C:\Users\86133\AppData\Local\GitHubDesktop\bin;D:\pycharm\PyCharm 2023.2.1\bin;;C:\Users\86133\.dotnet\tools;D:\Clion\CLion 2023.2.2\bin;;."/>
    <property name="java.vm.info" value="mixed mode, sharing"/>
    <property name="stderr.encoding" value="GBK"/>
    <property name="java.vendor" value="Oracle Corporation"/>
    <property name="java.vm.version" value="20.0.2+9-78"/>
    <property name="sun.io.unicode.encoding" value="UnicodeLittle"/>
    <property name="maven.repo.local" value="D:\Maven\repository"/>
    <property name="java.class.version" value="64.0"/>
  </properties>
  <testcase name="contextLoads" classname="com.example.springboot.SpringbootApplicationTests" time="0.655">
    <system-out><![CDATA[19:05:48.666 [main] INFO org.springframework.test.context.support.AnnotationConfigContextLoaderUtils -- Could not detect default configuration classes for test class [com.example.springboot.SpringbootApplicationTests]: SpringbootApplicationTests does not declare any static, non-private, non-final, nested classes annotated with @Configuration.
19:05:48.745 [main] INFO org.springframework.boot.test.context.SpringBootTestContextBootstrapper -- Found @SpringBootConfiguration com.example.springboot.SpringbootApplication for test class com.example.springboot.SpringbootApplicationTests

  .   ____          _            __ _ _
 /\\ / ___'_ __ _ _(_)_ __  __ _ \ \ \ \
( ( )\___ | '_ | '_| | '_ \/ _` | \ \ \ \
 \\/  ___)| |_)| | | | | || (_| |  ) ) ) )
  '  |____| .__|_| |_|_| |_\__, | / / / /
 =========|_|==============|___/=/_/_/_/
 :: Spring Boot ::                (v3.1.5)

2023-11-04T19:05:49.024+08:00  INFO 2940 --- [           main] c.e.s.SpringbootApplicationTests         : Starting SpringbootApplicationTests using Java 20.0.2 with PID 2940 (started by 86133 in D:\idea_project\Book_Project\Springboot)
2023-11-04T19:05:49.025+08:00  INFO 2940 --- [           main] c.e.s.SpringbootApplicationTests         : No active profile set, falling back to 1 default profile: "default"
2023-11-04T19:05:50.077+08:00  INFO 2940 --- [           main] c.e.s.SpringbootApplicationTests         : Started SpringbootApplicationTests in 1.237 seconds (process running for 1.949)
]]></system-out>
  </testcase>
</testsuite>